<?xml version="1.0" encoding="UTF-8"?>
<!-- Generated by org.testng.reporters.JUnitReportReporter -->
<testsuite skipped="0" hostname="Nasar-MacBook-Air.local" name="com.aussibum.testcases.HomeTest" tests="1" failures="0" timestamp="2023-03-13T09:20:43 IST" time="26.321" errors="0">
  <testcase name="Verify_Product_addedtocart_Tc01" time="26.321" classname="com.aussibum.testcases.HomeTest"/>
  <system-out/>
</testsuite> <!-- com.aussibum.testcases.HomeTest -->
