<?xml version="1.0" encoding="UTF-8"?>
<!-- Generated by org.testng.reporters.JUnitReportReporter -->
<testsuite skipped="0" hostname="Nasar-MacBook-Air.local" name="com.aussibum.testcases.CartTest" tests="1" failures="0" timestamp="2023-03-13T09:20:43 IST" time="10.845" errors="0">
  <testcase name="Verify_Product_movedtocheckout_Tc02" time="10.845" classname="com.aussibum.testcases.CartTest"/>
  <system-out/>
</testsuite> <!-- com.aussibum.testcases.CartTest -->
