<?xml version="1.0" encoding="UTF-8"?>
<!-- Generated by org.testng.reporters.JUnitReportReporter -->
<testsuite skipped="0" hostname="Nasar-MacBook-Air.local" name="com.aussibum.testcases.CheckoutTest" tests="1" failures="0" timestamp="2023-03-13T09:20:43 IST" time="36.132" errors="0">
  <testcase name="Verify_Order_Place_Tc03" time="36.132" classname="com.aussibum.testcases.CheckoutTest"/>
  <system-out/>
</testsuite> <!-- com.aussibum.testcases.CheckoutTest -->
